# JRE version: OpenJDK Runtime Environment (8.0_151-b12) (build 1.8.0_151-8u151-b12-0ubuntu0.16.04.2-b12)
# Java VM: OpenJDK 64-Bit Server VM (25.151-b12 mixed mode linux-amd64 compressed oops)
Heap:
 garbage-first heap   total 263168K, used 174988K [0x00000000c0000000, 0x00000000c0100808, 0x0000000100000000)
  region size 1024K, 82 young (83968K), 4 survivors (4096K)
 Metaspace       used 79842K, capacity 90268K, committed 90624K, reserved 1126400K
  class space    used 9850K, capacity 12683K, committed 12800K, reserved 1048576K
GC Heap History (10 events):
Event: 30.372 GC heap before
{Heap before GC invocations=8 (full 0):
 garbage-first heap   total 262144K, used 105344K [0x00000000c0000000, 0x00000000c0100800, 0x0000000100000000)
  region size 1024K, 86 young (88064K), 11 survivors (11264K)
 Metaspace       used 46439K, capacity 52632K, committed 52736K, reserved 1095680K
  class space    used 5550K, capacity 7380K, committed 7424K, reserved 1048576K
Event: 30.417 GC heap after
Heap after GC invocations=9 (full 0):
 garbage-first heap   total 262144K, used 48001K [0x00000000c0000000, 0x00000000c0100800, 0x0000000100000000)
  region size 1024K, 11 young (11264K), 11 survivors (11264K)
 Metaspace       used 46439K, capacity 52632K, committed 52736K, reserved 1095680K
  class space    used 5550K, capacity 7380K, committed 7424K, reserved 1048576K
}
Event: 33.473 GC heap before
{Heap before GC invocations=10 (full 0):
 garbage-first heap   total 262144K, used 193409K [0x00000000c0000000, 0x00000000c0100800, 0x0000000100000000)
  region size 1024K, 153 young (156672K), 11 survivors (11264K)
 Metaspace       used 66106K, capacity 75120K, committed 75136K, reserved 1114112K
  class space    used 8066K, capacity 10616K, committed 10624K, reserved 1048576K
Event: 33.528 GC heap after
Heap after GC invocations=11 (full 0):
 garbage-first heap   total 262144K, used 76161K [0x00000000c0000000, 0x00000000c0100800, 0x0000000100000000)
  region size 1024K, 20 young (20480K), 20 survivors (20480K)
 Metaspace       used 66106K, capacity 75120K, committed 75136K, reserved 1114112K
  class space    used 8066K, capacity 10616K, committed 10624K, reserved 1048576K
}
Event: 51.005 GC heap before
{Heap before GC invocations=11 (full 0):
 garbage-first heap   total 262144K, used 216017K [0x00000000c0000000, 0x00000000c0100800, 0x0000000100000000)
  region size 1024K, 153 young (156672K), 20 survivors (20480K)
 Metaspace       used 75326K, capacity 85460K, committed 85760K, reserved 1122304K
  class space    used 9358K, capacity 12186K, committed 12288K, reserved 1048576K
Event: 51.080 GC heap after
Heap after GC invocations=12 (full 0):
 garbage-first heap   total 263168K, used 101282K [0x00000000c0000000, 0x00000000c0100808, 0x0000000100000000)
  region size 1024K, 20 young (20480K), 20 survivors (20480K)
 Metaspace       used 75326K, capacity 85460K, committed 85760K, reserved 1122304K
  class space    used 9358K, capacity 12186K, committed 12288K, reserved 1048576K
}
Event: 145.244 GC heap before
{Heap before GC invocations=12 (full 0):
 garbage-first heap   total 263168K, used 214946K [0x00000000c0000000, 0x00000000c0100808, 0x0000000100000000)
  region size 1024K, 131 young (134144K), 20 survivors (20480K)
 Metaspace       used 77517K, capacity 87828K, committed 88064K, reserved 1124352K
  class space    used 9625K, capacity 12451K, committed 12544K, reserved 1048576K
Event: 145.273 GC heap after
Heap after GC invocations=13 (full 0):
 garbage-first heap   total 263168K, used 93602K [0x00000000c0000000, 0x00000000c0100808, 0x0000000100000000)
  region size 1024K, 4 young (4096K), 4 survivors (4096K)
 Metaspace       used 77517K, capacity 87828K, committed 88064K, reserved 1124352K
  class space    used 9625K, capacity 12451K, committed 12544K, reserved 1048576K
}
Event: 155.923 GC heap before
{Heap before GC invocations=13 (full 0):
 garbage-first heap   total 263168K, used 103842K [0x00000000c0000000, 0x00000000c0100808, 0x0000000100000000)
  region size 1024K, 15 young (15360K), 4 survivors (4096K)
 Metaspace       used 77866K, capacity 88210K, committed 88320K, reserved 1124352K
  class space    used 9666K, capacity 12489K, committed 12544K, reserved 1048576K
Event: 155.933 GC heap after
Heap after GC invocations=14 (full 0):
 garbage-first heap   total 263168K, used 93603K [0x00000000c0000000, 0x00000000c0100808, 0x0000000100000000)
  region size 1024K, 4 young (4096K), 4 survivors (4096K)
 Metaspace       used 77866K, capacity 88210K, committed 88320K, reserved 1124352K
  class space    used 9666K, capacity 12489K, committed 12544K, reserved 1048576K
}

